<?xml version="1.0" encoding="UTF-8"?>
<testng-results ignored="0" total="2" passed="2" failed="0" skipped="0">
  <reporter-output>
  </reporter-output>
  <suite started-at="2023-10-12T19:37:35 IST" name="Default suite" finished-at="2023-10-12T19:37:56 IST" duration-ms="20322">
    <groups>
    </groups>
    <test started-at="2023-10-12T19:37:35 IST" name="Default test" finished-at="2023-10-12T19:37:56 IST" duration-ms="20322">
      <class name="tests.Login">
        <test-method is-config="true" signature="launch()[pri:0, instance:tests.Login@4116aac9]" started-at="2023-10-12T19:37:35 IST" name="launch" finished-at="2023-10-12T19:37:42 IST" duration-ms="6841" status="PASS">
          <reporter-output>
          </reporter-output>
        </test-method> <!-- launch -->
        <test-method signature="loadtest()[pri:0, instance:tests.Login@4116aac9]" started-at="2023-10-12T19:37:42 IST" name="loadtest" finished-at="2023-10-12T19:37:56 IST" duration-ms="13414" status="PASS">
          <reporter-output>
          </reporter-output>
        </test-method> <!-- loadtest -->
        <test-method signature="pageloadtest()[pri:0, instance:tests.Login@4116aac9]" started-at="2023-10-12T19:37:56 IST" name="pageloadtest" finished-at="2023-10-12T19:37:56 IST" duration-ms="33" status="PASS">
          <reporter-output>
          </reporter-output>
        </test-method> <!-- pageloadtest -->
      </class> <!-- tests.Login -->
    </test> <!-- Default test -->
  </suite> <!-- Default suite -->
</testng-results>
